<?xml version="1.0" encoding="UTF-8"?>
<!-- Generated by org.testng.reporters.JUnitReportReporter -->
<testsuite hostname="CTNDELL5FZVJB3" failures="0" tests="1" name="POST" time="3.494" errors="0" timestamp="01 jul. 2021 13:34:55 GMT" skipped="0">
  <testcase classname="POST" name="Test_02_POST" time="3.494"/>
</testsuite> <!-- POST -->
