<?xml version="1.0" encoding="UTF-8"?>
<!-- Generated by org.testng.reporters.JUnitReportReporter -->
<testsuite hostname="CTNDELL5FZVJB3" failures="0" tests="1" name="GET" time="3.583" errors="0" timestamp="29 jun. 2021 19:54:10 GMT" skipped="0">
  <testcase classname="GET" name="Test_01_GET" time="3.583"/>
</testsuite> <!-- GET -->
